<?xml version="1.0" encoding="UTF-8"?>
<testng-results ignored="0" total="1" passed="1" failed="0" skipped="0">
  <reporter-output>
  </reporter-output>
  <suite started-at="2024-10-19T13:19:24Z" name="Default suite" finished-at="2024-10-19T13:19:27Z" duration-ms="2572">
    <groups>
    </groups>
    <test started-at="2024-10-19T13:19:24Z" name="Default test" finished-at="2024-10-19T13:19:27Z" duration-ms="2572">
      <class name="pruebas.Laboratorio6">
        <test-method is-config="true" signature="setUp()[pri:0, instance:pruebas.Laboratorio6@3d246ea3]" started-at="2024-10-19T10:19:10Z" name="setUp" finished-at="2024-10-19T10:19:24Z" duration-ms="13992" status="PASS">
          <reporter-output>
          </reporter-output>
        </test-method> <!-- setUp -->
        <test-method signature="verNavegador_headless()[pri:0, instance:pruebas.Laboratorio6@3d246ea3]" started-at="2024-10-19T10:19:24Z" name="verNavegador_headless" finished-at="2024-10-19T10:19:27Z" duration-ms="2554" status="PASS">
          <reporter-output>
          </reporter-output>
        </test-method> <!-- verNavegador_headless -->
        <test-method is-config="true" signature="cerrar()[pri:0, instance:pruebas.Laboratorio6@3d246ea3]" started-at="2024-10-19T10:19:27Z" name="cerrar" finished-at="2024-10-19T10:19:27Z" duration-ms="139" status="PASS">
          <reporter-output>
          </reporter-output>
        </test-method> <!-- cerrar -->
      </class> <!-- pruebas.Laboratorio6 -->
    </test> <!-- Default test -->
  </suite> <!-- Default suite -->
</testng-results>
